#-----------------------------------------------------------
# Vivado v2017.4 (64-bit)
# SW Build 2086221 on Fri Dec 15 20:55:39 MST 2017
# IP Build 2085800 on Fri Dec 15 22:25:07 MST 2017
# Start of session at: Wed May 29 14:57:17 2019
# Process ID: 3392
# Current directory: E:/project/AV7325/hdmi_loop
# Command line: vivado.exe -gui_launcher_event rodinguilauncherevent11164 E:\project\AV7325\hdmi_loop\hdmi_loop.xpr
# Log file: E:/project/AV7325/hdmi_loop/vivado.log
# Journal file: E:/project/AV7325/hdmi_loop\vivado.jou
#-----------------------------------------------------------
start_gui
open_project E:/project/AV7325/hdmi_loop/hdmi_loop.xpr
INFO: [Project 1-313] Project file moved from 'F:/project/AV7325/hdmi_loop' since last save.
Scanning sources...
Finished scanning sources
INFO: [IP_Flow 19-234] Refreshing IP repositories
INFO: [IP_Flow 19-1704] No user IP repositories specified
INFO: [IP_Flow 19-2313] Loaded Vivado IP repository 'C:/Xilinx/Vivado/2017.4/data/ip'.
open_project: Time (s): cpu = 00:00:12 ; elapsed = 00:00:06 . Memory (MB): peak = 805.379 ; gain = 121.867
update_compile_order -fileset sources_1
exit
INFO: [Common 17-206] Exiting Vivado at Wed May 29 16:09:41 2019...
