
*** Running vivado
    with args -log ppi_bg.vds -m64 -product Vivado -mode batch -messageDb vivado.pb -notrace -source ppi_bg.tcl


****** Vivado v2017.4 (64-bit)
  **** SW Build 2086221 on Fri Dec 15 20:55:39 MST 2017
  **** IP Build 2085800 on Fri Dec 15 22:25:07 MST 2017
    ** Copyright 1986-2017 Xilinx, Inc. All Rights Reserved.

source ppi_bg.tcl -notrace
Command: synth_design -top ppi_bg -part xc7k325tffg900-2 -mode out_of_context
Starting synth_design
Attempting to get a license for feature 'Synthesis' and/or device 'xc7k325t'
INFO: [Common 17-349] Got license for feature 'Synthesis' and/or device 'xc7k325t'
INFO: Launching helper process for spawning children vivado processes
INFO: Helper process launched with PID 10232 
---------------------------------------------------------------------------------
Starting RTL Elaboration : Time (s): cpu = 00:00:10 ; elapsed = 00:00:10 . Memory (MB): peak = 406.281 ; gain = 97.578
---------------------------------------------------------------------------------
INFO: [Synth 8-638] synthesizing module 'ppi_bg' [d:/FPGA_HDMI/08_4_hdmi_loop/ipcores/ppi_bg/synth/ppi_bg.vhd:68]
	Parameter C_FAMILY bound to: kintex7 - type: string 
	Parameter C_XDEVICEFAMILY bound to: kintex7 - type: string 
	Parameter C_ELABORATION_DIR bound to: ./ - type: string 
	Parameter C_INTERFACE_TYPE bound to: 0 - type: integer 
	Parameter C_AXI_TYPE bound to: 1 - type: integer 
	Parameter C_AXI_SLAVE_TYPE bound to: 0 - type: integer 
	Parameter C_USE_BRAM_BLOCK bound to: 0 - type: integer 
	Parameter C_ENABLE_32BIT_ADDRESS bound to: 0 - type: integer 
	Parameter C_CTRL_ECC_ALGO bound to: NONE - type: string 
	Parameter C_HAS_AXI_ID bound to: 0 - type: integer 
	Parameter C_AXI_ID_WIDTH bound to: 4 - type: integer 
	Parameter C_MEM_TYPE bound to: 3 - type: integer 
	Parameter C_BYTE_SIZE bound to: 9 - type: integer 
	Parameter C_ALGORITHM bound to: 1 - type: integer 
	Parameter C_PRIM_TYPE bound to: 1 - type: integer 
	Parameter C_LOAD_INIT_FILE bound to: 1 - type: integer 
	Parameter C_INIT_FILE_NAME bound to: ppi_bg.mif - type: string 
	Parameter C_INIT_FILE bound to: ppi_bg.mem - type: string 
	Parameter C_USE_DEFAULT_DATA bound to: 0 - type: integer 
	Parameter C_DEFAULT_DATA bound to: 0 - type: string 
	Parameter C_HAS_RSTA bound to: 0 - type: integer 
	Parameter C_RST_PRIORITY_A bound to: CE - type: string 
	Parameter C_RSTRAM_A bound to: 0 - type: integer 
	Parameter C_INITA_VAL bound to: 0 - type: string 
	Parameter C_HAS_ENA bound to: 1 - type: integer 
	Parameter C_HAS_REGCEA bound to: 0 - type: integer 
	Parameter C_USE_BYTE_WEA bound to: 0 - type: integer 
	Parameter C_WEA_WIDTH bound to: 1 - type: integer 
	Parameter C_WRITE_MODE_A bound to: WRITE_FIRST - type: string 
	Parameter C_WRITE_WIDTH_A bound to: 24 - type: integer 
	Parameter C_READ_WIDTH_A bound to: 24 - type: integer 
	Parameter C_WRITE_DEPTH_A bound to: 307200 - type: integer 
	Parameter C_READ_DEPTH_A bound to: 307200 - type: integer 
	Parameter C_ADDRA_WIDTH bound to: 19 - type: integer 
	Parameter C_HAS_RSTB bound to: 0 - type: integer 
	Parameter C_RST_PRIORITY_B bound to: CE - type: string 
	Parameter C_RSTRAM_B bound to: 0 - type: integer 
	Parameter C_INITB_VAL bound to: 0 - type: string 
	Parameter C_HAS_ENB bound to: 0 - type: integer 
	Parameter C_HAS_REGCEB bound to: 0 - type: integer 
	Parameter C_USE_BYTE_WEB bound to: 0 - type: integer 
	Parameter C_WEB_WIDTH bound to: 1 - type: integer 
	Parameter C_WRITE_MODE_B bound to: WRITE_FIRST - type: string 
	Parameter C_WRITE_WIDTH_B bound to: 24 - type: integer 
	Parameter C_READ_WIDTH_B bound to: 24 - type: integer 
	Parameter C_WRITE_DEPTH_B bound to: 307200 - type: integer 
	Parameter C_READ_DEPTH_B bound to: 307200 - type: integer 
	Parameter C_ADDRB_WIDTH bound to: 19 - type: integer 
	Parameter C_HAS_MEM_OUTPUT_REGS_A bound to: 1 - type: integer 
	Parameter C_HAS_MEM_OUTPUT_REGS_B bound to: 0 - type: integer 
	Parameter C_HAS_MUX_OUTPUT_REGS_A bound to: 0 - type: integer 
	Parameter C_HAS_MUX_OUTPUT_REGS_B bound to: 0 - type: integer 
	Parameter C_MUX_PIPELINE_STAGES bound to: 0 - type: integer 
	Parameter C_HAS_SOFTECC_INPUT_REGS_A bound to: 0 - type: integer 
	Parameter C_HAS_SOFTECC_OUTPUT_REGS_B bound to: 0 - type: integer 
	Parameter C_USE_SOFTECC bound to: 0 - type: integer 
	Parameter C_USE_ECC bound to: 0 - type: integer 
	Parameter C_EN_ECC_PIPE bound to: 0 - type: integer 
	Parameter C_HAS_INJECTERR bound to: 0 - type: integer 
	Parameter C_SIM_COLLISION_CHECK bound to: ALL - type: string 
	Parameter C_COMMON_CLK bound to: 0 - type: integer 
	Parameter C_DISABLE_WARN_BHV_COLL bound to: 0 - type: integer 
	Parameter C_EN_SLEEP_PIN bound to: 0 - type: integer 
	Parameter C_USE_URAM bound to: 0 - type: integer 
	Parameter C_EN_RDADDRA_CHG bound to: 0 - type: integer 
	Parameter C_EN_RDADDRB_CHG bound to: 0 - type: integer 
	Parameter C_EN_DEEPSLEEP_PIN bound to: 0 - type: integer 
	Parameter C_EN_SHUTDOWN_PIN bound to: 0 - type: integer 
	Parameter C_EN_SAFETY_CKT bound to: 0 - type: integer 
	Parameter C_DISABLE_WARN_BHV_RANGE bound to: 0 - type: integer 
	Parameter C_COUNT_36K_BRAM bound to: 205 - type: string 
	Parameter C_COUNT_18K_BRAM bound to: 3 - type: string 
	Parameter C_EST_POWER_SUMMARY bound to: Estimated Power for IP     :     17.299792 mW - type: string 
INFO: [Synth 8-3491] module 'blk_mem_gen_v8_4_1' declared at 'd:/FPGA_HDMI/08_4_hdmi_loop/ipcores/ppi_bg/hdl/blk_mem_gen_v8_4_vhsyn_rfs.vhd:195313' bound to instance 'U0' of component 'blk_mem_gen_v8_4_1' [d:/FPGA_HDMI/08_4_hdmi_loop/ipcores/ppi_bg/synth/ppi_bg.vhd:230]
INFO: [Synth 8-256] done synthesizing module 'ppi_bg' (11#1) [d:/FPGA_HDMI/08_4_hdmi_loop/ipcores/ppi_bg/synth/ppi_bg.vhd:68]
WARNING: [Synth 8-3331] design blk_mem_gen_mux__parameterized0 has unconnected port MUX_RST[0]
WARNING: [Synth 8-3331] design blk_mem_gen_mux__parameterized0 has unconnected port MEM_LAT_RST
WARNING: [Synth 8-3331] design blk_mem_gen_mux__parameterized0 has unconnected port MEM_REG_RST
WARNING: [Synth 8-3331] design blk_mem_gen_mux__parameterized0 has unconnected port MUX_REGCE[0]
WARNING: [Synth 8-3331] design blk_mem_gen_mux__parameterized0 has unconnected port MEM_REGCE
WARNING: [Synth 8-3331] design blk_mem_gen_mux__parameterized0 has unconnected port WE
WARNING: [Synth 8-3331] design blk_mem_gen_mux__parameterized0 has unconnected port ADDR_IN[18]
WARNING: [Synth 8-3331] design blk_mem_gen_mux__parameterized0 has unconnected port ADDR_IN[17]
WARNING: [Synth 8-3331] design blk_mem_gen_mux__parameterized0 has unconnected port ADDR_IN[16]
WARNING: [Synth 8-3331] design blk_mem_gen_mux__parameterized0 has unconnected port ADDR_IN[15]
WARNING: [Synth 8-3331] design blk_mem_gen_mux__parameterized0 has unconnected port ADDR_IN[14]
WARNING: [Synth 8-3331] design blk_mem_gen_mux__parameterized0 has unconnected port ADDR_IN[13]
WARNING: [Synth 8-3331] design blk_mem_gen_mux__parameterized0 has unconnected port ADDR_IN[12]
WARNING: [Synth 8-3331] design blk_mem_gen_mux__parameterized0 has unconnected port ADDR_IN[11]
WARNING: [Synth 8-3331] design blk_mem_gen_mux__parameterized0 has unconnected port ADDR_IN[10]
WARNING: [Synth 8-3331] design blk_mem_gen_mux__parameterized0 has unconnected port ADDR_IN[9]
WARNING: [Synth 8-3331] design blk_mem_gen_mux__parameterized0 has unconnected port ADDR_IN[8]
WARNING: [Synth 8-3331] design blk_mem_gen_mux__parameterized0 has unconnected port ADDR_IN[7]
WARNING: [Synth 8-3331] design blk_mem_gen_mux__parameterized0 has unconnected port ADDR_IN[6]
WARNING: [Synth 8-3331] design blk_mem_gen_mux__parameterized0 has unconnected port ADDR_IN[5]
WARNING: [Synth 8-3331] design blk_mem_gen_mux__parameterized0 has unconnected port ADDR_IN[4]
WARNING: [Synth 8-3331] design blk_mem_gen_mux__parameterized0 has unconnected port ADDR_IN[3]
WARNING: [Synth 8-3331] design blk_mem_gen_mux__parameterized0 has unconnected port ADDR_IN[2]
WARNING: [Synth 8-3331] design blk_mem_gen_mux__parameterized0 has unconnected port ADDR_IN[1]
WARNING: [Synth 8-3331] design blk_mem_gen_mux__parameterized0 has unconnected port ADDR_IN[0]
WARNING: [Synth 8-3331] design blk_mem_gen_mux__parameterized0 has unconnected port SBITERRIN[3071]
WARNING: [Synth 8-3331] design blk_mem_gen_mux__parameterized0 has unconnected port SBITERRIN[3070]
WARNING: [Synth 8-3331] design blk_mem_gen_mux__parameterized0 has unconnected port SBITERRIN[3069]
WARNING: [Synth 8-3331] design blk_mem_gen_mux__parameterized0 has unconnected port SBITERRIN[3068]
WARNING: [Synth 8-3331] design blk_mem_gen_mux__parameterized0 has unconnected port SBITERRIN[3067]
WARNING: [Synth 8-3331] design blk_mem_gen_mux__parameterized0 has unconnected port SBITERRIN[3066]
WARNING: [Synth 8-3331] design blk_mem_gen_mux__parameterized0 has unconnected port SBITERRIN[3065]
WARNING: [Synth 8-3331] design blk_mem_gen_mux__parameterized0 has unconnected port SBITERRIN[3064]
WARNING: [Synth 8-3331] design blk_mem_gen_mux__parameterized0 has unconnected port SBITERRIN[3063]
WARNING: [Synth 8-3331] design blk_mem_gen_mux__parameterized0 has unconnected port SBITERRIN[3062]
WARNING: [Synth 8-3331] design blk_mem_gen_mux__parameterized0 has unconnected port SBITERRIN[3061]
WARNING: [Synth 8-3331] design blk_mem_gen_mux__parameterized0 has unconnected port SBITERRIN[3060]
WARNING: [Synth 8-3331] design blk_mem_gen_mux__parameterized0 has unconnected port SBITERRIN[3059]
WARNING: [Synth 8-3331] design blk_mem_gen_mux__parameterized0 has unconnected port SBITERRIN[3058]
WARNING: [Synth 8-3331] design blk_mem_gen_mux__parameterized0 has unconnected port SBITERRIN[3057]
WARNING: [Synth 8-3331] design blk_mem_gen_mux__parameterized0 has unconnected port SBITERRIN[3056]
WARNING: [Synth 8-3331] design blk_mem_gen_mux__parameterized0 has unconnected port SBITERRIN[3055]
WARNING: [Synth 8-3331] design blk_mem_gen_mux__parameterized0 has unconnected port SBITERRIN[3054]
WARNING: [Synth 8-3331] design blk_mem_gen_mux__parameterized0 has unconnected port SBITERRIN[3053]
WARNING: [Synth 8-3331] design blk_mem_gen_mux__parameterized0 has unconnected port SBITERRIN[3052]
WARNING: [Synth 8-3331] design blk_mem_gen_mux__parameterized0 has unconnected port SBITERRIN[3051]
WARNING: [Synth 8-3331] design blk_mem_gen_mux__parameterized0 has unconnected port SBITERRIN[3050]
WARNING: [Synth 8-3331] design blk_mem_gen_mux__parameterized0 has unconnected port SBITERRIN[3049]
WARNING: [Synth 8-3331] design blk_mem_gen_mux__parameterized0 has unconnected port SBITERRIN[3048]
WARNING: [Synth 8-3331] design blk_mem_gen_mux__parameterized0 has unconnected port SBITERRIN[3047]
WARNING: [Synth 8-3331] design blk_mem_gen_mux__parameterized0 has unconnected port SBITERRIN[3046]
WARNING: [Synth 8-3331] design blk_mem_gen_mux__parameterized0 has unconnected port SBITERRIN[3045]
WARNING: [Synth 8-3331] design blk_mem_gen_mux__parameterized0 has unconnected port SBITERRIN[3044]
WARNING: [Synth 8-3331] design blk_mem_gen_mux__parameterized0 has unconnected port SBITERRIN[3043]
WARNING: [Synth 8-3331] design blk_mem_gen_mux__parameterized0 has unconnected port SBITERRIN[3042]
WARNING: [Synth 8-3331] design blk_mem_gen_mux__parameterized0 has unconnected port SBITERRIN[3041]
WARNING: [Synth 8-3331] design blk_mem_gen_mux__parameterized0 has unconnected port SBITERRIN[3040]
WARNING: [Synth 8-3331] design blk_mem_gen_mux__parameterized0 has unconnected port SBITERRIN[3039]
WARNING: [Synth 8-3331] design blk_mem_gen_mux__parameterized0 has unconnected port SBITERRIN[3038]
WARNING: [Synth 8-3331] design blk_mem_gen_mux__parameterized0 has unconnected port SBITERRIN[3037]
WARNING: [Synth 8-3331] design blk_mem_gen_mux__parameterized0 has unconnected port SBITERRIN[3036]
WARNING: [Synth 8-3331] design blk_mem_gen_mux__parameterized0 has unconnected port SBITERRIN[3035]
WARNING: [Synth 8-3331] design blk_mem_gen_mux__parameterized0 has unconnected port SBITERRIN[3034]
WARNING: [Synth 8-3331] design blk_mem_gen_mux__parameterized0 has unconnected port SBITERRIN[3033]
WARNING: [Synth 8-3331] design blk_mem_gen_mux__parameterized0 has unconnected port SBITERRIN[3032]
WARNING: [Synth 8-3331] design blk_mem_gen_mux__parameterized0 has unconnected port SBITERRIN[3031]
WARNING: [Synth 8-3331] design blk_mem_gen_mux__parameterized0 has unconnected port SBITERRIN[3030]
WARNING: [Synth 8-3331] design blk_mem_gen_mux__parameterized0 has unconnected port SBITERRIN[3029]
WARNING: [Synth 8-3331] design blk_mem_gen_mux__parameterized0 has unconnected port SBITERRIN[3028]
WARNING: [Synth 8-3331] design blk_mem_gen_mux__parameterized0 has unconnected port SBITERRIN[3027]
WARNING: [Synth 8-3331] design blk_mem_gen_mux__parameterized0 has unconnected port SBITERRIN[3026]
WARNING: [Synth 8-3331] design blk_mem_gen_mux__parameterized0 has unconnected port SBITERRIN[3025]
WARNING: [Synth 8-3331] design blk_mem_gen_mux__parameterized0 has unconnected port SBITERRIN[3024]
WARNING: [Synth 8-3331] design blk_mem_gen_mux__parameterized0 has unconnected port SBITERRIN[3023]
WARNING: [Synth 8-3331] design blk_mem_gen_mux__parameterized0 has unconnected port SBITERRIN[3022]
WARNING: [Synth 8-3331] design blk_mem_gen_mux__parameterized0 has unconnected port SBITERRIN[3021]
WARNING: [Synth 8-3331] design blk_mem_gen_mux__parameterized0 has unconnected port SBITERRIN[3020]
WARNING: [Synth 8-3331] design blk_mem_gen_mux__parameterized0 has unconnected port SBITERRIN[3019]
WARNING: [Synth 8-3331] design blk_mem_gen_mux__parameterized0 has unconnected port SBITERRIN[3018]
WARNING: [Synth 8-3331] design blk_mem_gen_mux__parameterized0 has unconnected port SBITERRIN[3017]
WARNING: [Synth 8-3331] design blk_mem_gen_mux__parameterized0 has unconnected port SBITERRIN[3016]
WARNING: [Synth 8-3331] design blk_mem_gen_mux__parameterized0 has unconnected port SBITERRIN[3015]
WARNING: [Synth 8-3331] design blk_mem_gen_mux__parameterized0 has unconnected port SBITERRIN[3014]
WARNING: [Synth 8-3331] design blk_mem_gen_mux__parameterized0 has unconnected port SBITERRIN[3013]
WARNING: [Synth 8-3331] design blk_mem_gen_mux__parameterized0 has unconnected port SBITERRIN[3012]
WARNING: [Synth 8-3331] design blk_mem_gen_mux__parameterized0 has unconnected port SBITERRIN[3011]
WARNING: [Synth 8-3331] design blk_mem_gen_mux__parameterized0 has unconnected port SBITERRIN[3010]
WARNING: [Synth 8-3331] design blk_mem_gen_mux__parameterized0 has unconnected port SBITERRIN[3009]
WARNING: [Synth 8-3331] design blk_mem_gen_mux__parameterized0 has unconnected port SBITERRIN[3008]
WARNING: [Synth 8-3331] design blk_mem_gen_mux__parameterized0 has unconnected port SBITERRIN[3007]
WARNING: [Synth 8-3331] design blk_mem_gen_mux__parameterized0 has unconnected port SBITERRIN[3006]
WARNING: [Synth 8-3331] design blk_mem_gen_mux__parameterized0 has unconnected port SBITERRIN[3005]
WARNING: [Synth 8-3331] design blk_mem_gen_mux__parameterized0 has unconnected port SBITERRIN[3004]
WARNING: [Synth 8-3331] design blk_mem_gen_mux__parameterized0 has unconnected port SBITERRIN[3003]
WARNING: [Synth 8-3331] design blk_mem_gen_mux__parameterized0 has unconnected port SBITERRIN[3002]
WARNING: [Synth 8-3331] design blk_mem_gen_mux__parameterized0 has unconnected port SBITERRIN[3001]
WARNING: [Synth 8-3331] design blk_mem_gen_mux__parameterized0 has unconnected port SBITERRIN[3000]
WARNING: [Synth 8-3331] design blk_mem_gen_mux__parameterized0 has unconnected port SBITERRIN[2999]
WARNING: [Synth 8-3331] design blk_mem_gen_mux__parameterized0 has unconnected port SBITERRIN[2998]
WARNING: [Synth 8-3331] design blk_mem_gen_mux__parameterized0 has unconnected port SBITERRIN[2997]
INFO: [Common 17-14] Message 'Synth 8-3331' appears 100 times and further instances of the messages will be disabled. Use the Tcl command set_msg_config to change the current settings.
---------------------------------------------------------------------------------
Finished RTL Elaboration : Time (s): cpu = 00:08:49 ; elapsed = 00:08:53 . Memory (MB): peak = 1490.363 ; gain = 1181.660
---------------------------------------------------------------------------------

Report Check Netlist: 
+------+------------------+-------+---------+-------+------------------+
|      |Item              |Errors |Warnings |Status |Description       |
+------+------------------+-------+---------+-------+------------------+
|1     |multi_driven_nets |      0|        0|Passed |Multi driven nets |
+------+------------------+-------+---------+-------+------------------+
---------------------------------------------------------------------------------
Finished RTL Optimization Phase 1 : Time (s): cpu = 00:08:50 ; elapsed = 00:08:54 . Memory (MB): peak = 1490.363 ; gain = 1181.660
---------------------------------------------------------------------------------
INFO: [Netlist 29-17] Analyzing 208 Unisim elements for replacement
INFO: [Netlist 29-28] Unisim Transformation completed in 0 CPU seconds
INFO: [Device 21-403] Loading part xc7k325tffg900-2
INFO: [Project 1-570] Preparing netlist for logic optimization

Processing XDC Constraints
Initializing timing engine
Parsing XDC File [d:/FPGA_HDMI/08_4_hdmi_loop/ipcores/ppi_bg/ppi_bg_ooc.xdc] for cell 'U0'
Finished Parsing XDC File [d:/FPGA_HDMI/08_4_hdmi_loop/ipcores/ppi_bg/ppi_bg_ooc.xdc] for cell 'U0'
Parsing XDC File [D:/FPGA_HDMI/08_4_hdmi_loop/hdmi_loop.runs/ppi_bg_synth_1/dont_touch.xdc]
Finished Parsing XDC File [D:/FPGA_HDMI/08_4_hdmi_loop/hdmi_loop.runs/ppi_bg_synth_1/dont_touch.xdc]
Completed Processing XDC Constraints

INFO: [Project 1-111] Unisim Transformation Summary:
No Unisim elements were transformed.

Constraint Validation Runtime : Time (s): cpu = 00:00:00 ; elapsed = 00:00:00.027 . Memory (MB): peak = 1490.363 ; gain = 0.000
---------------------------------------------------------------------------------
Finished Constraint Validation : Time (s): cpu = 00:09:07 ; elapsed = 00:09:11 . Memory (MB): peak = 1490.363 ; gain = 1181.660
---------------------------------------------------------------------------------
---------------------------------------------------------------------------------
Start Loading Part and Timing Information
---------------------------------------------------------------------------------
Loading part: xc7k325tffg900-2
---------------------------------------------------------------------------------
Finished Loading Part and Timing Information : Time (s): cpu = 00:09:07 ; elapsed = 00:09:11 . Memory (MB): peak = 1490.363 ; gain = 1181.660
---------------------------------------------------------------------------------
---------------------------------------------------------------------------------
Start Applying 'set_property' XDC Constraints
---------------------------------------------------------------------------------
Applied set_property DONT_TOUCH = true for U0. (constraint file  D:/FPGA_HDMI/08_4_hdmi_loop/hdmi_loop.runs/ppi_bg_synth_1/dont_touch.xdc, line 9).
---------------------------------------------------------------------------------
Finished applying 'set_property' XDC Constraints : Time (s): cpu = 00:09:07 ; elapsed = 00:09:11 . Memory (MB): peak = 1490.363 ; gain = 1181.660
---------------------------------------------------------------------------------
---------------------------------------------------------------------------------
Finished RTL Optimization Phase 2 : Time (s): cpu = 00:09:14 ; elapsed = 00:09:18 . Memory (MB): peak = 1490.363 ; gain = 1181.660
---------------------------------------------------------------------------------

Report RTL Partitions: 
+-+--------------+------------+----------+
| |RTL Partition |Replication |Instances |
+-+--------------+------------+----------+
+-+--------------+------------+----------+
---------------------------------------------------------------------------------
Start RTL Component Statistics 
---------------------------------------------------------------------------------
Detailed RTL Component Info : 
+---Registers : 
	               19 Bit    Registers := 1     
	                7 Bit    Registers := 3     
+---Muxes : 
	   2 Input      1 Bit        Muxes := 257   
---------------------------------------------------------------------------------
Finished RTL Component Statistics 
---------------------------------------------------------------------------------
---------------------------------------------------------------------------------
Start RTL Hierarchical Component Statistics 
---------------------------------------------------------------------------------
Hierarchical RTL Component report 
Module bindec 
Detailed RTL Component Info : 
+---Muxes : 
	   2 Input      1 Bit        Muxes := 128   
Module blk_mem_gen_mux 
Detailed RTL Component Info : 
+---Registers : 
	               19 Bit    Registers := 1     
	                7 Bit    Registers := 2     
+---Muxes : 
	   2 Input      1 Bit        Muxes := 1     
Module blk_mem_gen_mux__parameterized0 
Detailed RTL Component Info : 
+---Registers : 
	                7 Bit    Registers := 1     
---------------------------------------------------------------------------------
Finished RTL Hierarchical Component Statistics
---------------------------------------------------------------------------------
---------------------------------------------------------------------------------
Start Part Resource Summary
---------------------------------------------------------------------------------
Part Resources:
DSPs: 840 (col length:140)
BRAMs: 890 (col length: RAMB18 140 RAMB36 70)
---------------------------------------------------------------------------------
Finished Part Resource Summary
---------------------------------------------------------------------------------
---------------------------------------------------------------------------------
Start Cross Boundary and Area Optimization
---------------------------------------------------------------------------------
INFO: [Synth 8-3332] Sequential element (no_softecc_norm_sel2.has_mem_regs.WITHOUT_ECC_PIPE.ce_pri.rdaddrecc_mux_reg[18]) is unused and will be removed from module blk_mem_gen_mux.
INFO: [Synth 8-3332] Sequential element (no_softecc_norm_sel2.has_mem_regs.WITHOUT_ECC_PIPE.ce_pri.rdaddrecc_mux_reg[17]) is unused and will be removed from module blk_mem_gen_mux.
INFO: [Synth 8-3332] Sequential element (no_softecc_norm_sel2.has_mem_regs.WITHOUT_ECC_PIPE.ce_pri.rdaddrecc_mux_reg[16]) is unused and will be removed from module blk_mem_gen_mux.
INFO: [Synth 8-3332] Sequential element (no_softecc_norm_sel2.has_mem_regs.WITHOUT_ECC_PIPE.ce_pri.rdaddrecc_mux_reg[15]) is unused and will be removed from module blk_mem_gen_mux.
INFO: [Synth 8-3332] Sequential element (no_softecc_norm_sel2.has_mem_regs.WITHOUT_ECC_PIPE.ce_pri.rdaddrecc_mux_reg[14]) is unused and will be removed from module blk_mem_gen_mux.
INFO: [Synth 8-3332] Sequential element (no_softecc_norm_sel2.has_mem_regs.WITHOUT_ECC_PIPE.ce_pri.rdaddrecc_mux_reg[13]) is unused and will be removed from module blk_mem_gen_mux.
INFO: [Synth 8-3332] Sequential element (no_softecc_norm_sel2.has_mem_regs.WITHOUT_ECC_PIPE.ce_pri.rdaddrecc_mux_reg[12]) is unused and will be removed from module blk_mem_gen_mux.
INFO: [Synth 8-3332] Sequential element (no_softecc_norm_sel2.has_mem_regs.WITHOUT_ECC_PIPE.ce_pri.rdaddrecc_mux_reg[11]) is unused and will be removed from module blk_mem_gen_mux.
INFO: [Synth 8-3332] Sequential element (no_softecc_norm_sel2.has_mem_regs.WITHOUT_ECC_PIPE.ce_pri.rdaddrecc_mux_reg[10]) is unused and will be removed from module blk_mem_gen_mux.
INFO: [Synth 8-3332] Sequential element (no_softecc_norm_sel2.has_mem_regs.WITHOUT_ECC_PIPE.ce_pri.rdaddrecc_mux_reg[9]) is unused and will be removed from module blk_mem_gen_mux.
INFO: [Synth 8-3332] Sequential element (no_softecc_norm_sel2.has_mem_regs.WITHOUT_ECC_PIPE.ce_pri.rdaddrecc_mux_reg[8]) is unused and will be removed from module blk_mem_gen_mux.
INFO: [Synth 8-3332] Sequential element (no_softecc_norm_sel2.has_mem_regs.WITHOUT_ECC_PIPE.ce_pri.rdaddrecc_mux_reg[7]) is unused and will be removed from module blk_mem_gen_mux.
INFO: [Synth 8-3332] Sequential element (no_softecc_norm_sel2.has_mem_regs.WITHOUT_ECC_PIPE.ce_pri.rdaddrecc_mux_reg[6]) is unused and will be removed from module blk_mem_gen_mux.
INFO: [Synth 8-3332] Sequential element (no_softecc_norm_sel2.has_mem_regs.WITHOUT_ECC_PIPE.ce_pri.rdaddrecc_mux_reg[5]) is unused and will be removed from module blk_mem_gen_mux.
INFO: [Synth 8-3332] Sequential element (no_softecc_norm_sel2.has_mem_regs.WITHOUT_ECC_PIPE.ce_pri.rdaddrecc_mux_reg[4]) is unused and will be removed from module blk_mem_gen_mux.
INFO: [Synth 8-3332] Sequential element (no_softecc_norm_sel2.has_mem_regs.WITHOUT_ECC_PIPE.ce_pri.rdaddrecc_mux_reg[3]) is unused and will be removed from module blk_mem_gen_mux.
INFO: [Synth 8-3332] Sequential element (no_softecc_norm_sel2.has_mem_regs.WITHOUT_ECC_PIPE.ce_pri.rdaddrecc_mux_reg[2]) is unused and will be removed from module blk_mem_gen_mux.
INFO: [Synth 8-3332] Sequential element (no_softecc_norm_sel2.has_mem_regs.WITHOUT_ECC_PIPE.ce_pri.rdaddrecc_mux_reg[1]) is unused and will be removed from module blk_mem_gen_mux.
INFO: [Synth 8-3332] Sequential element (no_softecc_norm_sel2.has_mem_regs.WITHOUT_ECC_PIPE.ce_pri.rdaddrecc_mux_reg[0]) is unused and will be removed from module blk_mem_gen_mux.
INFO: [Synth 8-3332] Sequential element (no_softecc_sel_reg.ce_pri.sel_pipe_reg[6]) is unused and will be removed from module blk_mem_gen_mux__parameterized0.
INFO: [Synth 8-3332] Sequential element (no_softecc_sel_reg.ce_pri.sel_pipe_reg[5]) is unused and will be removed from module blk_mem_gen_mux__parameterized0.
INFO: [Synth 8-3332] Sequential element (no_softecc_sel_reg.ce_pri.sel_pipe_reg[4]) is unused and will be removed from module blk_mem_gen_mux__parameterized0.
INFO: [Synth 8-3332] Sequential element (no_softecc_sel_reg.ce_pri.sel_pipe_reg[3]) is unused and will be removed from module blk_mem_gen_mux__parameterized0.
INFO: [Synth 8-3332] Sequential element (no_softecc_sel_reg.ce_pri.sel_pipe_reg[2]) is unused and will be removed from module blk_mem_gen_mux__parameterized0.
INFO: [Synth 8-3332] Sequential element (no_softecc_sel_reg.ce_pri.sel_pipe_reg[1]) is unused and will be removed from module blk_mem_gen_mux__parameterized0.
INFO: [Synth 8-3332] Sequential element (no_softecc_sel_reg.ce_pri.sel_pipe_reg[0]) is unused and will be removed from module blk_mem_gen_mux__parameterized0.
---------------------------------------------------------------------------------
Finished Cross Boundary and Area Optimization : Time (s): cpu = 00:09:17 ; elapsed = 00:09:22 . Memory (MB): peak = 1490.363 ; gain = 1181.660
---------------------------------------------------------------------------------

Report RTL Partitions: 
+-+--------------+------------+----------+
| |RTL Partition |Replication |Instances |
+-+--------------+------------+----------+
+-+--------------+------------+----------+
---------------------------------------------------------------------------------
Start Applying XDC Timing Constraints
---------------------------------------------------------------------------------
---------------------------------------------------------------------------------
Finished Applying XDC Timing Constraints : Time (s): cpu = 00:09:26 ; elapsed = 00:09:31 . Memory (MB): peak = 1490.363 ; gain = 1181.660
---------------------------------------------------------------------------------
---------------------------------------------------------------------------------
Start Timing Optimization
---------------------------------------------------------------------------------
---------------------------------------------------------------------------------
Finished Timing Optimization : Time (s): cpu = 00:09:27 ; elapsed = 00:09:32 . Memory (MB): peak = 1490.363 ; gain = 1181.660
---------------------------------------------------------------------------------

Report RTL Partitions: 
+-+--------------+------------+----------+
| |RTL Partition |Replication |Instances |
+-+--------------+------------+----------+
+-+--------------+------------+----------+
---------------------------------------------------------------------------------
Start Technology Mapping
---------------------------------------------------------------------------------
---------------------------------------------------------------------------------
Finished Technology Mapping : Time (s): cpu = 00:09:28 ; elapsed = 00:09:33 . Memory (MB): peak = 1490.363 ; gain = 1181.660
---------------------------------------------------------------------------------

Report RTL Partitions: 
+-+--------------+------------+----------+
| |RTL Partition |Replication |Instances |
+-+--------------+------------+----------+
+-+--------------+------------+----------+
---------------------------------------------------------------------------------
Start IO Insertion
---------------------------------------------------------------------------------
---------------------------------------------------------------------------------
Start Flattening Before IO Insertion
---------------------------------------------------------------------------------
---------------------------------------------------------------------------------
Finished Flattening Before IO Insertion
---------------------------------------------------------------------------------
---------------------------------------------------------------------------------
Start Final Netlist Cleanup
---------------------------------------------------------------------------------
---------------------------------------------------------------------------------
Finished Final Netlist Cleanup
---------------------------------------------------------------------------------
---------------------------------------------------------------------------------
Finished IO Insertion : Time (s): cpu = 00:09:29 ; elapsed = 00:09:34 . Memory (MB): peak = 1490.363 ; gain = 1181.660
---------------------------------------------------------------------------------

Report Check Netlist: 
+------+------------------+-------+---------+-------+------------------+
|      |Item              |Errors |Warnings |Status |Description       |
+------+------------------+-------+---------+-------+------------------+
|1     |multi_driven_nets |      0|        0|Passed |Multi driven nets |
+------+------------------+-------+---------+-------+------------------+
---------------------------------------------------------------------------------
Start Renaming Generated Instances
---------------------------------------------------------------------------------
---------------------------------------------------------------------------------
Finished Renaming Generated Instances : Time (s): cpu = 00:09:29 ; elapsed = 00:09:34 . Memory (MB): peak = 1490.363 ; gain = 1181.660
---------------------------------------------------------------------------------

Report RTL Partitions: 
+-+--------------+------------+----------+
| |RTL Partition |Replication |Instances |
+-+--------------+------------+----------+
+-+--------------+------------+----------+
---------------------------------------------------------------------------------
Start Rebuilding User Hierarchy
---------------------------------------------------------------------------------
---------------------------------------------------------------------------------
Finished Rebuilding User Hierarchy : Time (s): cpu = 00:09:29 ; elapsed = 00:09:34 . Memory (MB): peak = 1490.363 ; gain = 1181.660
---------------------------------------------------------------------------------
---------------------------------------------------------------------------------
Start Renaming Generated Ports
---------------------------------------------------------------------------------
---------------------------------------------------------------------------------
Finished Renaming Generated Ports : Time (s): cpu = 00:09:29 ; elapsed = 00:09:34 . Memory (MB): peak = 1490.363 ; gain = 1181.660
---------------------------------------------------------------------------------
---------------------------------------------------------------------------------
Start Handling Custom Attributes
---------------------------------------------------------------------------------
---------------------------------------------------------------------------------
Finished Handling Custom Attributes : Time (s): cpu = 00:09:29 ; elapsed = 00:09:34 . Memory (MB): peak = 1490.363 ; gain = 1181.660
---------------------------------------------------------------------------------
---------------------------------------------------------------------------------
Start Renaming Generated Nets
---------------------------------------------------------------------------------
---------------------------------------------------------------------------------
Finished Renaming Generated Nets : Time (s): cpu = 00:09:29 ; elapsed = 00:09:34 . Memory (MB): peak = 1490.363 ; gain = 1181.660
---------------------------------------------------------------------------------
---------------------------------------------------------------------------------
Start Writing Synthesis Report
---------------------------------------------------------------------------------

Report BlackBoxes: 
+-+--------------+----------+
| |BlackBox name |Instances |
+-+--------------+----------+
+-+--------------+----------+

Report Cell Usage: 
+------+-------------+------+
|      |Cell         |Count |
+------+-------------+------+
|1     |LUT2         |     1|
|2     |LUT3         |     3|
|3     |LUT4         |    12|
|4     |LUT5         |    91|
|5     |LUT6         |   369|
|6     |MUXF7        |   186|
|7     |MUXF8        |    72|
|8     |RAMB18E1     |     2|
|9     |RAMB18E1_1   |     1|
|10    |RAMB36E1     |     1|
|11    |RAMB36E1_1   |     6|
|12    |RAMB36E1_10  |     1|
|13    |RAMB36E1_100 |     1|
|14    |RAMB36E1_101 |     1|
|15    |RAMB36E1_102 |     1|
|16    |RAMB36E1_103 |     1|
|17    |RAMB36E1_104 |     1|
|18    |RAMB36E1_105 |     1|
|19    |RAMB36E1_106 |     1|
|20    |RAMB36E1_107 |     1|
|21    |RAMB36E1_108 |     1|
|22    |RAMB36E1_109 |     1|
|23    |RAMB36E1_11  |     1|
|24    |RAMB36E1_110 |     1|
|25    |RAMB36E1_111 |     1|
|26    |RAMB36E1_112 |     1|
|27    |RAMB36E1_113 |     1|
|28    |RAMB36E1_114 |     1|
|29    |RAMB36E1_115 |     1|
|30    |RAMB36E1_116 |     1|
|31    |RAMB36E1_117 |     1|
|32    |RAMB36E1_118 |     1|
|33    |RAMB36E1_119 |     1|
|34    |RAMB36E1_12  |     1|
|35    |RAMB36E1_120 |     1|
|36    |RAMB36E1_121 |     1|
|37    |RAMB36E1_122 |     1|
|38    |RAMB36E1_123 |     1|
|39    |RAMB36E1_124 |     1|
|40    |RAMB36E1_125 |     1|
|41    |RAMB36E1_126 |     1|
|42    |RAMB36E1_127 |     1|
|43    |RAMB36E1_128 |     1|
|44    |RAMB36E1_129 |     1|
|45    |RAMB36E1_13  |     1|
|46    |RAMB36E1_130 |     1|
|47    |RAMB36E1_131 |     1|
|48    |RAMB36E1_132 |     1|
|49    |RAMB36E1_133 |     1|
|50    |RAMB36E1_134 |     1|
|51    |RAMB36E1_135 |     1|
|52    |RAMB36E1_136 |     1|
|53    |RAMB36E1_137 |     1|
|54    |RAMB36E1_138 |     1|
|55    |RAMB36E1_139 |     1|
|56    |RAMB36E1_14  |     1|
|57    |RAMB36E1_140 |     1|
|58    |RAMB36E1_141 |     1|
|59    |RAMB36E1_142 |     1|
|60    |RAMB36E1_143 |     1|
|61    |RAMB36E1_144 |     1|
|62    |RAMB36E1_145 |     1|
|63    |RAMB36E1_146 |     1|
|64    |RAMB36E1_147 |     1|
|65    |RAMB36E1_148 |     1|
|66    |RAMB36E1_149 |     1|
|67    |RAMB36E1_15  |     1|
|68    |RAMB36E1_150 |     1|
|69    |RAMB36E1_151 |     1|
|70    |RAMB36E1_152 |     1|
|71    |RAMB36E1_153 |     1|
|72    |RAMB36E1_154 |     1|
|73    |RAMB36E1_155 |     1|
|74    |RAMB36E1_156 |     1|
|75    |RAMB36E1_157 |     1|
|76    |RAMB36E1_158 |     1|
|77    |RAMB36E1_159 |     1|
|78    |RAMB36E1_16  |     1|
|79    |RAMB36E1_160 |     1|
|80    |RAMB36E1_161 |     1|
|81    |RAMB36E1_162 |     1|
|82    |RAMB36E1_163 |     1|
|83    |RAMB36E1_164 |     1|
|84    |RAMB36E1_165 |     1|
|85    |RAMB36E1_166 |     1|
|86    |RAMB36E1_167 |     1|
|87    |RAMB36E1_168 |     1|
|88    |RAMB36E1_169 |     1|
|89    |RAMB36E1_17  |     1|
|90    |RAMB36E1_170 |     1|
|91    |RAMB36E1_171 |     1|
|92    |RAMB36E1_172 |     1|
|93    |RAMB36E1_173 |     1|
|94    |RAMB36E1_174 |     1|
|95    |RAMB36E1_175 |     1|
|96    |RAMB36E1_176 |     1|
|97    |RAMB36E1_177 |     1|
|98    |RAMB36E1_178 |     1|
|99    |RAMB36E1_179 |     1|
|100   |RAMB36E1_18  |     1|
|101   |RAMB36E1_19  |     1|
|102   |RAMB36E1_2   |     1|
|103   |RAMB36E1_20  |     1|
|104   |RAMB36E1_21  |     1|
|105   |RAMB36E1_22  |     1|
|106   |RAMB36E1_23  |     1|
|107   |RAMB36E1_24  |     1|
|108   |RAMB36E1_25  |     1|
|109   |RAMB36E1_26  |     1|
|110   |RAMB36E1_27  |     1|
|111   |RAMB36E1_28  |     1|
|112   |RAMB36E1_29  |     1|
|113   |RAMB36E1_3   |     1|
|114   |RAMB36E1_30  |     1|
|115   |RAMB36E1_31  |     1|
|116   |RAMB36E1_32  |     1|
|117   |RAMB36E1_33  |     1|
|118   |RAMB36E1_34  |     1|
|119   |RAMB36E1_35  |     1|
|120   |RAMB36E1_36  |     1|
|121   |RAMB36E1_37  |     1|
|122   |RAMB36E1_38  |     1|
|123   |RAMB36E1_39  |     1|
|124   |RAMB36E1_4   |     1|
|125   |RAMB36E1_40  |     1|
|126   |RAMB36E1_41  |     1|
|127   |RAMB36E1_42  |     1|
|128   |RAMB36E1_43  |     1|
|129   |RAMB36E1_44  |     1|
|130   |RAMB36E1_45  |     1|
|131   |RAMB36E1_46  |     1|
|132   |RAMB36E1_47  |     1|
|133   |RAMB36E1_48  |     1|
|134   |RAMB36E1_49  |     1|
|135   |RAMB36E1_5   |     1|
|136   |RAMB36E1_50  |    21|
|137   |RAMB36E1_51  |     1|
|138   |RAMB36E1_52  |     1|
|139   |RAMB36E1_53  |     1|
|140   |RAMB36E1_54  |     1|
|141   |RAMB36E1_55  |     1|
|142   |RAMB36E1_56  |     1|
|143   |RAMB36E1_57  |     1|
|144   |RAMB36E1_58  |     1|
|145   |RAMB36E1_59  |     1|
|146   |RAMB36E1_6   |     1|
|147   |RAMB36E1_60  |     1|
|148   |RAMB36E1_61  |     1|
|149   |RAMB36E1_62  |     1|
|150   |RAMB36E1_63  |     1|
|151   |RAMB36E1_64  |     1|
|152   |RAMB36E1_65  |     1|
|153   |RAMB36E1_66  |     1|
|154   |RAMB36E1_67  |     1|
|155   |RAMB36E1_68  |     1|
|156   |RAMB36E1_69  |     1|
|157   |RAMB36E1_7   |     1|
|158   |RAMB36E1_70  |     1|
|159   |RAMB36E1_71  |     1|
|160   |RAMB36E1_72  |     1|
|161   |RAMB36E1_73  |     1|
|162   |RAMB36E1_74  |     1|
|163   |RAMB36E1_75  |     1|
|164   |RAMB36E1_76  |     1|
|165   |RAMB36E1_77  |     1|
|166   |RAMB36E1_78  |     1|
|167   |RAMB36E1_79  |     1|
|168   |RAMB36E1_8   |     1|
|169   |RAMB36E1_80  |     1|
|170   |RAMB36E1_81  |     1|
|171   |RAMB36E1_82  |     1|
|172   |RAMB36E1_83  |     1|
|173   |RAMB36E1_84  |     1|
|174   |RAMB36E1_85  |     1|
|175   |RAMB36E1_86  |     1|
|176   |RAMB36E1_87  |     1|
|177   |RAMB36E1_88  |     1|
|178   |RAMB36E1_89  |     1|
|179   |RAMB36E1_9   |     1|
|180   |RAMB36E1_90  |     1|
|181   |RAMB36E1_91  |     1|
|182   |RAMB36E1_92  |     1|
|183   |RAMB36E1_93  |     1|
|184   |RAMB36E1_94  |     1|
|185   |RAMB36E1_95  |     1|
|186   |RAMB36E1_96  |     1|
|187   |RAMB36E1_97  |     1|
|188   |RAMB36E1_98  |     1|
|189   |RAMB36E1_99  |     1|
|190   |FDRE         |    18|
+------+-------------+------+

Report Instance Areas: 
+------+---------------------------------------------+------------------------------------------------+------+
|      |Instance                                     |Module                                          |Cells |
+------+---------------------------------------------+------------------------------------------------+------+
|1     |top                                          |                                                |   960|
|2     |  U0                                         |blk_mem_gen_v8_4_1                              |   960|
|3     |    inst_blk_mem_gen                         |blk_mem_gen_v8_4_1_synth                        |   960|
|4     |      \gnbram.gnativebmg.native_blk_mem_gen  |blk_mem_gen_top                                 |   960|
|5     |        \valid.cstr                          |blk_mem_gen_generic_cstr                        |   960|
|6     |          \has_mux_a.A                       |blk_mem_gen_mux                                 |   670|
|7     |          \ramloop[0].ram.r                  |blk_mem_gen_prim_width                          |     2|
|8     |            \prim_init.ram                   |blk_mem_gen_prim_wrapper_init                   |     2|
|9     |          \ramloop[100].ram.r                |blk_mem_gen_prim_width__parameterized99         |     1|
|10    |            \prim_init.ram                   |blk_mem_gen_prim_wrapper_init__parameterized99  |     1|
|11    |          \ramloop[101].ram.r                |blk_mem_gen_prim_width__parameterized100        |     1|
|12    |            \prim_init.ram                   |blk_mem_gen_prim_wrapper_init__parameterized100 |     1|
|13    |          \ramloop[102].ram.r                |blk_mem_gen_prim_width__parameterized101        |     1|
|14    |            \prim_init.ram                   |blk_mem_gen_prim_wrapper_init__parameterized101 |     1|
|15    |          \ramloop[103].ram.r                |blk_mem_gen_prim_width__parameterized102        |     1|
|16    |            \prim_init.ram                   |blk_mem_gen_prim_wrapper_init__parameterized102 |     1|
|17    |          \ramloop[104].ram.r                |blk_mem_gen_prim_width__parameterized103        |     1|
|18    |            \prim_init.ram                   |blk_mem_gen_prim_wrapper_init__parameterized103 |     1|
|19    |          \ramloop[105].ram.r                |blk_mem_gen_prim_width__parameterized104        |     1|
|20    |            \prim_init.ram                   |blk_mem_gen_prim_wrapper_init__parameterized104 |     1|
|21    |          \ramloop[106].ram.r                |blk_mem_gen_prim_width__parameterized105        |     1|
|22    |            \prim_init.ram                   |blk_mem_gen_prim_wrapper_init__parameterized105 |     1|
|23    |          \ramloop[107].ram.r                |blk_mem_gen_prim_width__parameterized106        |     1|
|24    |            \prim_init.ram                   |blk_mem_gen_prim_wrapper_init__parameterized106 |     1|
|25    |          \ramloop[108].ram.r                |blk_mem_gen_prim_width__parameterized107        |     1|
|26    |            \prim_init.ram                   |blk_mem_gen_prim_wrapper_init__parameterized107 |     1|
|27    |          \ramloop[109].ram.r                |blk_mem_gen_prim_width__parameterized108        |     2|
|28    |            \prim_init.ram                   |blk_mem_gen_prim_wrapper_init__parameterized108 |     2|
|29    |          \ramloop[10].ram.r                 |blk_mem_gen_prim_width__parameterized9          |     2|
|30    |            \prim_init.ram                   |blk_mem_gen_prim_wrapper_init__parameterized9   |     2|
|31    |          \ramloop[110].ram.r                |blk_mem_gen_prim_width__parameterized109        |     2|
|32    |            \prim_init.ram                   |blk_mem_gen_prim_wrapper_init__parameterized109 |     2|
|33    |          \ramloop[111].ram.r                |blk_mem_gen_prim_width__parameterized110        |     2|
|34    |            \prim_init.ram                   |blk_mem_gen_prim_wrapper_init__parameterized110 |     2|
|35    |          \ramloop[112].ram.r                |blk_mem_gen_prim_width__parameterized111        |     2|
|36    |            \prim_init.ram                   |blk_mem_gen_prim_wrapper_init__parameterized111 |     2|
|37    |          \ramloop[113].ram.r                |blk_mem_gen_prim_width__parameterized112        |     2|
|38    |            \prim_init.ram                   |blk_mem_gen_prim_wrapper_init__parameterized112 |     2|
|39    |          \ramloop[114].ram.r                |blk_mem_gen_prim_width__parameterized113        |     2|
|40    |            \prim_init.ram                   |blk_mem_gen_prim_wrapper_init__parameterized113 |     2|
|41    |          \ramloop[115].ram.r                |blk_mem_gen_prim_width__parameterized114        |     2|
|42    |            \prim_init.ram                   |blk_mem_gen_prim_wrapper_init__parameterized114 |     2|
|43    |          \ramloop[116].ram.r                |blk_mem_gen_prim_width__parameterized115        |     2|
|44    |            \prim_init.ram                   |blk_mem_gen_prim_wrapper_init__parameterized115 |     2|
|45    |          \ramloop[117].ram.r                |blk_mem_gen_prim_width__parameterized116        |     2|
|46    |            \prim_init.ram                   |blk_mem_gen_prim_wrapper_init__parameterized116 |     2|
|47    |          \ramloop[118].ram.r                |blk_mem_gen_prim_width__parameterized117        |     2|
|48    |            \prim_init.ram                   |blk_mem_gen_prim_wrapper_init__parameterized117 |     2|
|49    |          \ramloop[119].ram.r                |blk_mem_gen_prim_width__parameterized118        |     2|
|50    |            \prim_init.ram                   |blk_mem_gen_prim_wrapper_init__parameterized118 |     2|
|51    |          \ramloop[11].ram.r                 |blk_mem_gen_prim_width__parameterized10         |     1|
|52    |            \prim_init.ram                   |blk_mem_gen_prim_wrapper_init__parameterized10  |     1|
|53    |          \ramloop[120].ram.r                |blk_mem_gen_prim_width__parameterized119        |     2|
|54    |            \prim_init.ram                   |blk_mem_gen_prim_wrapper_init__parameterized119 |     2|
|55    |          \ramloop[121].ram.r                |blk_mem_gen_prim_width__parameterized120        |     2|
|56    |            \prim_init.ram                   |blk_mem_gen_prim_wrapper_init__parameterized120 |     2|
|57    |          \ramloop[122].ram.r                |blk_mem_gen_prim_width__parameterized121        |     2|
|58    |            \prim_init.ram                   |blk_mem_gen_prim_wrapper_init__parameterized121 |     2|
|59    |          \ramloop[123].ram.r                |blk_mem_gen_prim_width__parameterized122        |     2|
|60    |            \prim_init.ram                   |blk_mem_gen_prim_wrapper_init__parameterized122 |     2|
|61    |          \ramloop[124].ram.r                |blk_mem_gen_prim_width__parameterized123        |     2|
|62    |            \prim_init.ram                   |blk_mem_gen_prim_wrapper_init__parameterized123 |     2|
|63    |          \ramloop[125].ram.r                |blk_mem_gen_prim_width__parameterized124        |     2|
|64    |            \prim_init.ram                   |blk_mem_gen_prim_wrapper_init__parameterized124 |     2|
|65    |          \ramloop[126].ram.r                |blk_mem_gen_prim_width__parameterized125        |     2|
|66    |            \prim_init.ram                   |blk_mem_gen_prim_wrapper_init__parameterized125 |     2|
|67    |          \ramloop[127].ram.r                |blk_mem_gen_prim_width__parameterized126        |     2|
|68    |            \prim_init.ram                   |blk_mem_gen_prim_wrapper_init__parameterized126 |     2|
|69    |          \ramloop[128].ram.r                |blk_mem_gen_prim_width__parameterized127        |     2|
|70    |            \prim_init.ram                   |blk_mem_gen_prim_wrapper_init__parameterized127 |     2|
|71    |          \ramloop[129].ram.r                |blk_mem_gen_prim_width__parameterized128        |     2|
|72    |            \prim_init.ram                   |blk_mem_gen_prim_wrapper_init__parameterized128 |     2|
|73    |          \ramloop[12].ram.r                 |blk_mem_gen_prim_width__parameterized11         |     2|
|74    |            \prim_init.ram                   |blk_mem_gen_prim_wrapper_init__parameterized11  |     2|
|75    |          \ramloop[130].ram.r                |blk_mem_gen_prim_width__parameterized129        |     2|
|76    |            \prim_init.ram                   |blk_mem_gen_prim_wrapper_init__parameterized129 |     2|
|77    |          \ramloop[131].ram.r                |blk_mem_gen_prim_width__parameterized130        |     2|
|78    |            \prim_init.ram                   |blk_mem_gen_prim_wrapper_init__parameterized130 |     2|
|79    |          \ramloop[132].ram.r                |blk_mem_gen_prim_width__parameterized131        |     2|
|80    |            \prim_init.ram                   |blk_mem_gen_prim_wrapper_init__parameterized131 |     2|
|81    |          \ramloop[133].ram.r                |blk_mem_gen_prim_width__parameterized132        |     2|
|82    |            \prim_init.ram                   |blk_mem_gen_prim_wrapper_init__parameterized132 |     2|
|83    |          \ramloop[134].ram.r                |blk_mem_gen_prim_width__parameterized133        |     2|
|84    |            \prim_init.ram                   |blk_mem_gen_prim_wrapper_init__parameterized133 |     2|
|85    |          \ramloop[135].ram.r                |blk_mem_gen_prim_width__parameterized134        |     2|
|86    |            \prim_init.ram                   |blk_mem_gen_prim_wrapper_init__parameterized134 |     2|
|87    |          \ramloop[136].ram.r                |blk_mem_gen_prim_width__parameterized135        |     2|
|88    |            \prim_init.ram                   |blk_mem_gen_prim_wrapper_init__parameterized135 |     2|
|89    |          \ramloop[137].ram.r                |blk_mem_gen_prim_width__parameterized136        |     2|
|90    |            \prim_init.ram                   |blk_mem_gen_prim_wrapper_init__parameterized136 |     2|
|91    |          \ramloop[138].ram.r                |blk_mem_gen_prim_width__parameterized137        |     2|
|92    |            \prim_init.ram                   |blk_mem_gen_prim_wrapper_init__parameterized137 |     2|
|93    |          \ramloop[139].ram.r                |blk_mem_gen_prim_width__parameterized138        |     2|
|94    |            \prim_init.ram                   |blk_mem_gen_prim_wrapper_init__parameterized138 |     2|
|95    |          \ramloop[13].ram.r                 |blk_mem_gen_prim_width__parameterized12         |     2|
|96    |            \prim_init.ram                   |blk_mem_gen_prim_wrapper_init__parameterized12  |     2|
|97    |          \ramloop[140].ram.r                |blk_mem_gen_prim_width__parameterized139        |     2|
|98    |            \prim_init.ram                   |blk_mem_gen_prim_wrapper_init__parameterized139 |     2|
|99    |          \ramloop[141].ram.r                |blk_mem_gen_prim_width__parameterized140        |     2|
|100   |            \prim_init.ram                   |blk_mem_gen_prim_wrapper_init__parameterized140 |     2|
|101   |          \ramloop[142].ram.r                |blk_mem_gen_prim_width__parameterized141        |     2|
|102   |            \prim_init.ram                   |blk_mem_gen_prim_wrapper_init__parameterized141 |     2|
|103   |          \ramloop[143].ram.r                |blk_mem_gen_prim_width__parameterized142        |     2|
|104   |            \prim_init.ram                   |blk_mem_gen_prim_wrapper_init__parameterized142 |     2|
|105   |          \ramloop[144].ram.r                |blk_mem_gen_prim_width__parameterized143        |     2|
|106   |            \prim_init.ram                   |blk_mem_gen_prim_wrapper_init__parameterized143 |     2|
|107   |          \ramloop[145].ram.r                |blk_mem_gen_prim_width__parameterized144        |     2|
|108   |            \prim_init.ram                   |blk_mem_gen_prim_wrapper_init__parameterized144 |     2|
|109   |          \ramloop[146].ram.r                |blk_mem_gen_prim_width__parameterized145        |     2|
|110   |            \prim_init.ram                   |blk_mem_gen_prim_wrapper_init__parameterized145 |     2|
|111   |          \ramloop[147].ram.r                |blk_mem_gen_prim_width__parameterized146        |     2|
|112   |            \prim_init.ram                   |blk_mem_gen_prim_wrapper_init__parameterized146 |     2|
|113   |          \ramloop[148].ram.r                |blk_mem_gen_prim_width__parameterized147        |     2|
|114   |            \prim_init.ram                   |blk_mem_gen_prim_wrapper_init__parameterized147 |     2|
|115   |          \ramloop[149].ram.r                |blk_mem_gen_prim_width__parameterized148        |     2|
|116   |            \prim_init.ram                   |blk_mem_gen_prim_wrapper_init__parameterized148 |     2|
|117   |          \ramloop[14].ram.r                 |blk_mem_gen_prim_width__parameterized13         |     2|
|118   |            \prim_init.ram                   |blk_mem_gen_prim_wrapper_init__parameterized13  |     2|
|119   |          \ramloop[150].ram.r                |blk_mem_gen_prim_width__parameterized149        |     2|
|120   |            \prim_init.ram                   |blk_mem_gen_prim_wrapper_init__parameterized149 |     2|
|121   |          \ramloop[151].ram.r                |blk_mem_gen_prim_width__parameterized150        |     2|
|122   |            \prim_init.ram                   |blk_mem_gen_prim_wrapper_init__parameterized150 |     2|
|123   |          \ramloop[152].ram.r                |blk_mem_gen_prim_width__parameterized151        |     2|
|124   |            \prim_init.ram                   |blk_mem_gen_prim_wrapper_init__parameterized151 |     2|
|125   |          \ramloop[153].ram.r                |blk_mem_gen_prim_width__parameterized152        |     2|
|126   |            \prim_init.ram                   |blk_mem_gen_prim_wrapper_init__parameterized152 |     2|
|127   |          \ramloop[154].ram.r                |blk_mem_gen_prim_width__parameterized153        |     2|
|128   |            \prim_init.ram                   |blk_mem_gen_prim_wrapper_init__parameterized153 |     2|
|129   |          \ramloop[155].ram.r                |blk_mem_gen_prim_width__parameterized154        |     2|
|130   |            \prim_init.ram                   |blk_mem_gen_prim_wrapper_init__parameterized154 |     2|
|131   |          \ramloop[156].ram.r                |blk_mem_gen_prim_width__parameterized155        |     2|
|132   |            \prim_init.ram                   |blk_mem_gen_prim_wrapper_init__parameterized155 |     2|
|133   |          \ramloop[157].ram.r                |blk_mem_gen_prim_width__parameterized156        |     2|
|134   |            \prim_init.ram                   |blk_mem_gen_prim_wrapper_init__parameterized156 |     2|
|135   |          \ramloop[158].ram.r                |blk_mem_gen_prim_width__parameterized157        |     2|
|136   |            \prim_init.ram                   |blk_mem_gen_prim_wrapper_init__parameterized157 |     2|
|137   |          \ramloop[159].ram.r                |blk_mem_gen_prim_width__parameterized158        |     2|
|138   |            \prim_init.ram                   |blk_mem_gen_prim_wrapper_init__parameterized158 |     2|
|139   |          \ramloop[15].ram.r                 |blk_mem_gen_prim_width__parameterized14         |     2|
|140   |            \prim_init.ram                   |blk_mem_gen_prim_wrapper_init__parameterized14  |     2|
|141   |          \ramloop[160].ram.r                |blk_mem_gen_prim_width__parameterized159        |     2|
|142   |            \prim_init.ram                   |blk_mem_gen_prim_wrapper_init__parameterized159 |     2|
|143   |          \ramloop[161].ram.r                |blk_mem_gen_prim_width__parameterized160        |     2|
|144   |            \prim_init.ram                   |blk_mem_gen_prim_wrapper_init__parameterized160 |     2|
|145   |          \ramloop[162].ram.r                |blk_mem_gen_prim_width__parameterized161        |     2|
|146   |            \prim_init.ram                   |blk_mem_gen_prim_wrapper_init__parameterized161 |     2|
|147   |          \ramloop[163].ram.r                |blk_mem_gen_prim_width__parameterized162        |     2|
|148   |            \prim_init.ram                   |blk_mem_gen_prim_wrapper_init__parameterized162 |     2|
|149   |          \ramloop[164].ram.r                |blk_mem_gen_prim_width__parameterized163        |     2|
|150   |            \prim_init.ram                   |blk_mem_gen_prim_wrapper_init__parameterized163 |     2|
|151   |          \ramloop[165].ram.r                |blk_mem_gen_prim_width__parameterized164        |     2|
|152   |            \prim_init.ram                   |blk_mem_gen_prim_wrapper_init__parameterized164 |     2|
|153   |          \ramloop[166].ram.r                |blk_mem_gen_prim_width__parameterized165        |     2|
|154   |            \prim_init.ram                   |blk_mem_gen_prim_wrapper_init__parameterized165 |     2|
|155   |          \ramloop[167].ram.r                |blk_mem_gen_prim_width__parameterized166        |     2|
|156   |            \prim_init.ram                   |blk_mem_gen_prim_wrapper_init__parameterized166 |     2|
|157   |          \ramloop[168].ram.r                |blk_mem_gen_prim_width__parameterized167        |     2|
|158   |            \prim_init.ram                   |blk_mem_gen_prim_wrapper_init__parameterized167 |     2|
|159   |          \ramloop[169].ram.r                |blk_mem_gen_prim_width__parameterized168        |     2|
|160   |            \prim_init.ram                   |blk_mem_gen_prim_wrapper_init__parameterized168 |     2|
|161   |          \ramloop[16].ram.r                 |blk_mem_gen_prim_width__parameterized15         |     1|
|162   |            \prim_init.ram                   |blk_mem_gen_prim_wrapper_init__parameterized15  |     1|
|163   |          \ramloop[170].ram.r                |blk_mem_gen_prim_width__parameterized169        |     2|
|164   |            \prim_init.ram                   |blk_mem_gen_prim_wrapper_init__parameterized169 |     2|
|165   |          \ramloop[171].ram.r                |blk_mem_gen_prim_width__parameterized170        |     2|
|166   |            \prim_init.ram                   |blk_mem_gen_prim_wrapper_init__parameterized170 |     2|
|167   |          \ramloop[172].ram.r                |blk_mem_gen_prim_width__parameterized171        |     2|
|168   |            \prim_init.ram                   |blk_mem_gen_prim_wrapper_init__parameterized171 |     2|
|169   |          \ramloop[173].ram.r                |blk_mem_gen_prim_width__parameterized172        |     2|
|170   |            \prim_init.ram                   |blk_mem_gen_prim_wrapper_init__parameterized172 |     2|
|171   |          \ramloop[174].ram.r                |blk_mem_gen_prim_width__parameterized173        |     2|
|172   |            \prim_init.ram                   |blk_mem_gen_prim_wrapper_init__parameterized173 |     2|
|173   |          \ramloop[175].ram.r                |blk_mem_gen_prim_width__parameterized174        |     2|
|174   |            \prim_init.ram                   |blk_mem_gen_prim_wrapper_init__parameterized174 |     2|
|175   |          \ramloop[176].ram.r                |blk_mem_gen_prim_width__parameterized175        |     3|
|176   |            \prim_init.ram                   |blk_mem_gen_prim_wrapper_init__parameterized175 |     3|
|177   |          \ramloop[177].ram.r                |blk_mem_gen_prim_width__parameterized176        |     2|
|178   |            \prim_init.ram                   |blk_mem_gen_prim_wrapper_init__parameterized176 |     2|
|179   |          \ramloop[178].ram.r                |blk_mem_gen_prim_width__parameterized177        |     2|
|180   |            \prim_init.ram                   |blk_mem_gen_prim_wrapper_init__parameterized177 |     2|
|181   |          \ramloop[179].ram.r                |blk_mem_gen_prim_width__parameterized178        |     2|
|182   |            \prim_init.ram                   |blk_mem_gen_prim_wrapper_init__parameterized178 |     2|
|183   |          \ramloop[17].ram.r                 |blk_mem_gen_prim_width__parameterized16         |     1|
|184   |            \prim_init.ram                   |blk_mem_gen_prim_wrapper_init__parameterized16  |     1|
|185   |          \ramloop[180].ram.r                |blk_mem_gen_prim_width__parameterized179        |     2|
|186   |            \prim_init.ram                   |blk_mem_gen_prim_wrapper_init__parameterized179 |     2|
|187   |          \ramloop[181].ram.r                |blk_mem_gen_prim_width__parameterized180        |     2|
|188   |            \prim_init.ram                   |blk_mem_gen_prim_wrapper_init__parameterized180 |     2|
|189   |          \ramloop[182].ram.r                |blk_mem_gen_prim_width__parameterized181        |     2|
|190   |            \prim_init.ram                   |blk_mem_gen_prim_wrapper_init__parameterized181 |     2|
|191   |          \ramloop[183].ram.r                |blk_mem_gen_prim_width__parameterized182        |     2|
|192   |            \prim_init.ram                   |blk_mem_gen_prim_wrapper_init__parameterized182 |     2|
|193   |          \ramloop[18].ram.r                 |blk_mem_gen_prim_width__parameterized17         |     2|
|194   |            \prim_init.ram                   |blk_mem_gen_prim_wrapper_init__parameterized17  |     2|
|195   |          \ramloop[19].ram.r                 |blk_mem_gen_prim_width__parameterized18         |     2|
|196   |            \prim_init.ram                   |blk_mem_gen_prim_wrapper_init__parameterized18  |     2|
|197   |          \ramloop[1].ram.r                  |blk_mem_gen_prim_width__parameterized0          |     2|
|198   |            \prim_init.ram                   |blk_mem_gen_prim_wrapper_init__parameterized0   |     2|
|199   |          \ramloop[20].ram.r                 |blk_mem_gen_prim_width__parameterized19         |     2|
|200   |            \prim_init.ram                   |blk_mem_gen_prim_wrapper_init__parameterized19  |     2|
|201   |          \ramloop[21].ram.r                 |blk_mem_gen_prim_width__parameterized20         |     2|
|202   |            \prim_init.ram                   |blk_mem_gen_prim_wrapper_init__parameterized20  |     2|
|203   |          \ramloop[22].ram.r                 |blk_mem_gen_prim_width__parameterized21         |     1|
|204   |            \prim_init.ram                   |blk_mem_gen_prim_wrapper_init__parameterized21  |     1|
|205   |          \ramloop[23].ram.r                 |blk_mem_gen_prim_width__parameterized22         |     3|
|206   |            \prim_init.ram                   |blk_mem_gen_prim_wrapper_init__parameterized22  |     3|
|207   |          \ramloop[24].ram.r                 |blk_mem_gen_prim_width__parameterized23         |     3|
|208   |            \prim_init.ram                   |blk_mem_gen_prim_wrapper_init__parameterized23  |     3|
|209   |          \ramloop[25].ram.r                 |blk_mem_gen_prim_width__parameterized24         |     3|
|210   |            \prim_init.ram                   |blk_mem_gen_prim_wrapper_init__parameterized24  |     3|
|211   |          \ramloop[26].ram.r                 |blk_mem_gen_prim_width__parameterized25         |     3|
|212   |            \prim_init.ram                   |blk_mem_gen_prim_wrapper_init__parameterized25  |     3|
|213   |          \ramloop[27].ram.r                 |blk_mem_gen_prim_width__parameterized26         |     1|
|214   |            \prim_init.ram                   |blk_mem_gen_prim_wrapper_init__parameterized26  |     1|
|215   |          \ramloop[28].ram.r                 |blk_mem_gen_prim_width__parameterized27         |     1|
|216   |            \prim_init.ram                   |blk_mem_gen_prim_wrapper_init__parameterized27  |     1|
|217   |          \ramloop[29].ram.r                 |blk_mem_gen_prim_width__parameterized28         |     2|
|218   |            \prim_init.ram                   |blk_mem_gen_prim_wrapper_init__parameterized28  |     2|
|219   |          \ramloop[2].ram.r                  |blk_mem_gen_prim_width__parameterized1          |     2|
|220   |            \prim_init.ram                   |blk_mem_gen_prim_wrapper_init__parameterized1   |     2|
|221   |          \ramloop[30].ram.r                 |blk_mem_gen_prim_width__parameterized29         |     2|
|222   |            \prim_init.ram                   |blk_mem_gen_prim_wrapper_init__parameterized29  |     2|
|223   |          \ramloop[31].ram.r                 |blk_mem_gen_prim_width__parameterized30         |     2|
|224   |            \prim_init.ram                   |blk_mem_gen_prim_wrapper_init__parameterized30  |     2|
|225   |          \ramloop[32].ram.r                 |blk_mem_gen_prim_width__parameterized31         |     2|
|226   |            \prim_init.ram                   |blk_mem_gen_prim_wrapper_init__parameterized31  |     2|
|227   |          \ramloop[33].ram.r                 |blk_mem_gen_prim_width__parameterized32         |     1|
|228   |            \prim_init.ram                   |blk_mem_gen_prim_wrapper_init__parameterized32  |     1|
|229   |          \ramloop[34].ram.r                 |blk_mem_gen_prim_width__parameterized33         |     1|
|230   |            \prim_init.ram                   |blk_mem_gen_prim_wrapper_init__parameterized33  |     1|
|231   |          \ramloop[35].ram.r                 |blk_mem_gen_prim_width__parameterized34         |     1|
|232   |            \prim_init.ram                   |blk_mem_gen_prim_wrapper_init__parameterized34  |     1|
|233   |          \ramloop[36].ram.r                 |blk_mem_gen_prim_width__parameterized35         |     1|
|234   |            \prim_init.ram                   |blk_mem_gen_prim_wrapper_init__parameterized35  |     1|
|235   |          \ramloop[37].ram.r                 |blk_mem_gen_prim_width__parameterized36         |     1|
|236   |            \prim_init.ram                   |blk_mem_gen_prim_wrapper_init__parameterized36  |     1|
|237   |          \ramloop[38].ram.r                 |blk_mem_gen_prim_width__parameterized37         |     1|
|238   |            \prim_init.ram                   |blk_mem_gen_prim_wrapper_init__parameterized37  |     1|
|239   |          \ramloop[39].ram.r                 |blk_mem_gen_prim_width__parameterized38         |     1|
|240   |            \prim_init.ram                   |blk_mem_gen_prim_wrapper_init__parameterized38  |     1|
|241   |          \ramloop[3].ram.r                  |blk_mem_gen_prim_width__parameterized2          |     2|
|242   |            \prim_init.ram                   |blk_mem_gen_prim_wrapper_init__parameterized2   |     2|
|243   |          \ramloop[40].ram.r                 |blk_mem_gen_prim_width__parameterized39         |     1|
|244   |            \prim_init.ram                   |blk_mem_gen_prim_wrapper_init__parameterized39  |     1|
|245   |          \ramloop[41].ram.r                 |blk_mem_gen_prim_width__parameterized40         |     1|
|246   |            \prim_init.ram                   |blk_mem_gen_prim_wrapper_init__parameterized40  |     1|
|247   |          \ramloop[42].ram.r                 |blk_mem_gen_prim_width__parameterized41         |     1|
|248   |            \prim_init.ram                   |blk_mem_gen_prim_wrapper_init__parameterized41  |     1|
|249   |          \ramloop[43].ram.r                 |blk_mem_gen_prim_width__parameterized42         |     1|
|250   |            \prim_init.ram                   |blk_mem_gen_prim_wrapper_init__parameterized42  |     1|
|251   |          \ramloop[44].ram.r                 |blk_mem_gen_prim_width__parameterized43         |     1|
|252   |            \prim_init.ram                   |blk_mem_gen_prim_wrapper_init__parameterized43  |     1|
|253   |          \ramloop[45].ram.r                 |blk_mem_gen_prim_width__parameterized44         |     1|
|254   |            \prim_init.ram                   |blk_mem_gen_prim_wrapper_init__parameterized44  |     1|
|255   |          \ramloop[46].ram.r                 |blk_mem_gen_prim_width__parameterized45         |     1|
|256   |            \prim_init.ram                   |blk_mem_gen_prim_wrapper_init__parameterized45  |     1|
|257   |          \ramloop[47].ram.r                 |blk_mem_gen_prim_width__parameterized46         |     1|
|258   |            \prim_init.ram                   |blk_mem_gen_prim_wrapper_init__parameterized46  |     1|
|259   |          \ramloop[48].ram.r                 |blk_mem_gen_prim_width__parameterized47         |     1|
|260   |            \prim_init.ram                   |blk_mem_gen_prim_wrapper_init__parameterized47  |     1|
|261   |          \ramloop[49].ram.r                 |blk_mem_gen_prim_width__parameterized48         |     1|
|262   |            \prim_init.ram                   |blk_mem_gen_prim_wrapper_init__parameterized48  |     1|
|263   |          \ramloop[4].ram.r                  |blk_mem_gen_prim_width__parameterized3          |     1|
|264   |            \prim_init.ram                   |blk_mem_gen_prim_wrapper_init__parameterized3   |     1|
|265   |          \ramloop[50].ram.r                 |blk_mem_gen_prim_width__parameterized49         |     1|
|266   |            \prim_init.ram                   |blk_mem_gen_prim_wrapper_init__parameterized49  |     1|
|267   |          \ramloop[51].ram.r                 |blk_mem_gen_prim_width__parameterized50         |     1|
|268   |            \prim_init.ram                   |blk_mem_gen_prim_wrapper_init__parameterized50  |     1|
|269   |          \ramloop[52].ram.r                 |blk_mem_gen_prim_width__parameterized51         |     1|
|270   |            \prim_init.ram                   |blk_mem_gen_prim_wrapper_init__parameterized51  |     1|
|271   |          \ramloop[53].ram.r                 |blk_mem_gen_prim_width__parameterized52         |     1|
|272   |            \prim_init.ram                   |blk_mem_gen_prim_wrapper_init__parameterized52  |     1|
|273   |          \ramloop[54].ram.r                 |blk_mem_gen_prim_width__parameterized53         |     1|
|274   |            \prim_init.ram                   |blk_mem_gen_prim_wrapper_init__parameterized53  |     1|
|275   |          \ramloop[55].ram.r                 |blk_mem_gen_prim_width__parameterized54         |     1|
|276   |            \prim_init.ram                   |blk_mem_gen_prim_wrapper_init__parameterized54  |     1|
|277   |          \ramloop[56].ram.r                 |blk_mem_gen_prim_width__parameterized55         |     1|
|278   |            \prim_init.ram                   |blk_mem_gen_prim_wrapper_init__parameterized55  |     1|
|279   |          \ramloop[57].ram.r                 |blk_mem_gen_prim_width__parameterized56         |     1|
|280   |            \prim_init.ram                   |blk_mem_gen_prim_wrapper_init__parameterized56  |     1|
|281   |          \ramloop[58].ram.r                 |blk_mem_gen_prim_width__parameterized57         |     1|
|282   |            \prim_init.ram                   |blk_mem_gen_prim_wrapper_init__parameterized57  |     1|
|283   |          \ramloop[59].ram.r                 |blk_mem_gen_prim_width__parameterized58         |     1|
|284   |            \prim_init.ram                   |blk_mem_gen_prim_wrapper_init__parameterized58  |     1|
|285   |          \ramloop[5].ram.r                  |blk_mem_gen_prim_width__parameterized4          |     3|
|286   |            \prim_init.ram                   |blk_mem_gen_prim_wrapper_init__parameterized4   |     3|
|287   |          \ramloop[60].ram.r                 |blk_mem_gen_prim_width__parameterized59         |     1|
|288   |            \prim_init.ram                   |blk_mem_gen_prim_wrapper_init__parameterized59  |     1|
|289   |          \ramloop[61].ram.r                 |blk_mem_gen_prim_width__parameterized60         |     1|
|290   |            \prim_init.ram                   |blk_mem_gen_prim_wrapper_init__parameterized60  |     1|
|291   |          \ramloop[62].ram.r                 |blk_mem_gen_prim_width__parameterized61         |     1|
|292   |            \prim_init.ram                   |blk_mem_gen_prim_wrapper_init__parameterized61  |     1|
|293   |          \ramloop[63].ram.r                 |blk_mem_gen_prim_width__parameterized62         |     1|
|294   |            \prim_init.ram                   |blk_mem_gen_prim_wrapper_init__parameterized62  |     1|
|295   |          \ramloop[64].ram.r                 |blk_mem_gen_prim_width__parameterized63         |     1|
|296   |            \prim_init.ram                   |blk_mem_gen_prim_wrapper_init__parameterized63  |     1|
|297   |          \ramloop[65].ram.r                 |blk_mem_gen_prim_width__parameterized64         |     1|
|298   |            \prim_init.ram                   |blk_mem_gen_prim_wrapper_init__parameterized64  |     1|
|299   |          \ramloop[66].ram.r                 |blk_mem_gen_prim_width__parameterized65         |     1|
|300   |            \prim_init.ram                   |blk_mem_gen_prim_wrapper_init__parameterized65  |     1|
|301   |          \ramloop[67].ram.r                 |blk_mem_gen_prim_width__parameterized66         |     1|
|302   |            \prim_init.ram                   |blk_mem_gen_prim_wrapper_init__parameterized66  |     1|
|303   |          \ramloop[68].ram.r                 |blk_mem_gen_prim_width__parameterized67         |     1|
|304   |            \prim_init.ram                   |blk_mem_gen_prim_wrapper_init__parameterized67  |     1|
|305   |          \ramloop[69].ram.r                 |blk_mem_gen_prim_width__parameterized68         |     1|
|306   |            \prim_init.ram                   |blk_mem_gen_prim_wrapper_init__parameterized68  |     1|
|307   |          \ramloop[6].ram.r                  |blk_mem_gen_prim_width__parameterized5          |     1|
|308   |            \prim_init.ram                   |blk_mem_gen_prim_wrapper_init__parameterized5   |     1|
|309   |          \ramloop[70].ram.r                 |blk_mem_gen_prim_width__parameterized69         |     1|
|310   |            \prim_init.ram                   |blk_mem_gen_prim_wrapper_init__parameterized69  |     1|
|311   |          \ramloop[71].ram.r                 |blk_mem_gen_prim_width__parameterized70         |     1|
|312   |            \prim_init.ram                   |blk_mem_gen_prim_wrapper_init__parameterized70  |     1|
|313   |          \ramloop[72].ram.r                 |blk_mem_gen_prim_width__parameterized71         |     1|
|314   |            \prim_init.ram                   |blk_mem_gen_prim_wrapper_init__parameterized71  |     1|
|315   |          \ramloop[73].ram.r                 |blk_mem_gen_prim_width__parameterized72         |     1|
|316   |            \prim_init.ram                   |blk_mem_gen_prim_wrapper_init__parameterized72  |     1|
|317   |          \ramloop[74].ram.r                 |blk_mem_gen_prim_width__parameterized73         |     1|
|318   |            \prim_init.ram                   |blk_mem_gen_prim_wrapper_init__parameterized73  |     1|
|319   |          \ramloop[75].ram.r                 |blk_mem_gen_prim_width__parameterized74         |     1|
|320   |            \prim_init.ram                   |blk_mem_gen_prim_wrapper_init__parameterized74  |     1|
|321   |          \ramloop[76].ram.r                 |blk_mem_gen_prim_width__parameterized75         |     1|
|322   |            \prim_init.ram                   |blk_mem_gen_prim_wrapper_init__parameterized75  |     1|
|323   |          \ramloop[77].ram.r                 |blk_mem_gen_prim_width__parameterized76         |     1|
|324   |            \prim_init.ram                   |blk_mem_gen_prim_wrapper_init__parameterized76  |     1|
|325   |          \ramloop[78].ram.r                 |blk_mem_gen_prim_width__parameterized77         |     1|
|326   |            \prim_init.ram                   |blk_mem_gen_prim_wrapper_init__parameterized77  |     1|
|327   |          \ramloop[79].ram.r                 |blk_mem_gen_prim_width__parameterized78         |     1|
|328   |            \prim_init.ram                   |blk_mem_gen_prim_wrapper_init__parameterized78  |     1|
|329   |          \ramloop[7].ram.r                  |blk_mem_gen_prim_width__parameterized6          |     2|
|330   |            \prim_init.ram                   |blk_mem_gen_prim_wrapper_init__parameterized6   |     2|
|331   |          \ramloop[80].ram.r                 |blk_mem_gen_prim_width__parameterized79         |     1|
|332   |            \prim_init.ram                   |blk_mem_gen_prim_wrapper_init__parameterized79  |     1|
|333   |          \ramloop[81].ram.r                 |blk_mem_gen_prim_width__parameterized80         |     1|
|334   |            \prim_init.ram                   |blk_mem_gen_prim_wrapper_init__parameterized80  |     1|
|335   |          \ramloop[82].ram.r                 |blk_mem_gen_prim_width__parameterized81         |     1|
|336   |            \prim_init.ram                   |blk_mem_gen_prim_wrapper_init__parameterized81  |     1|
|337   |          \ramloop[83].ram.r                 |blk_mem_gen_prim_width__parameterized82         |     1|
|338   |            \prim_init.ram                   |blk_mem_gen_prim_wrapper_init__parameterized82  |     1|
|339   |          \ramloop[84].ram.r                 |blk_mem_gen_prim_width__parameterized83         |     1|
|340   |            \prim_init.ram                   |blk_mem_gen_prim_wrapper_init__parameterized83  |     1|
|341   |          \ramloop[85].ram.r                 |blk_mem_gen_prim_width__parameterized84         |     1|
|342   |            \prim_init.ram                   |blk_mem_gen_prim_wrapper_init__parameterized84  |     1|
|343   |          \ramloop[86].ram.r                 |blk_mem_gen_prim_width__parameterized85         |     1|
|344   |            \prim_init.ram                   |blk_mem_gen_prim_wrapper_init__parameterized85  |     1|
|345   |          \ramloop[87].ram.r                 |blk_mem_gen_prim_width__parameterized86         |     1|
|346   |            \prim_init.ram                   |blk_mem_gen_prim_wrapper_init__parameterized86  |     1|
|347   |          \ramloop[88].ram.r                 |blk_mem_gen_prim_width__parameterized87         |     1|
|348   |            \prim_init.ram                   |blk_mem_gen_prim_wrapper_init__parameterized87  |     1|
|349   |          \ramloop[89].ram.r                 |blk_mem_gen_prim_width__parameterized88         |     1|
|350   |            \prim_init.ram                   |blk_mem_gen_prim_wrapper_init__parameterized88  |     1|
|351   |          \ramloop[8].ram.r                  |blk_mem_gen_prim_width__parameterized7          |     2|
|352   |            \prim_init.ram                   |blk_mem_gen_prim_wrapper_init__parameterized7   |     2|
|353   |          \ramloop[90].ram.r                 |blk_mem_gen_prim_width__parameterized89         |     1|
|354   |            \prim_init.ram                   |blk_mem_gen_prim_wrapper_init__parameterized89  |     1|
|355   |          \ramloop[91].ram.r                 |blk_mem_gen_prim_width__parameterized90         |     1|
|356   |            \prim_init.ram                   |blk_mem_gen_prim_wrapper_init__parameterized90  |     1|
|357   |          \ramloop[92].ram.r                 |blk_mem_gen_prim_width__parameterized91         |     1|
|358   |            \prim_init.ram                   |blk_mem_gen_prim_wrapper_init__parameterized91  |     1|
|359   |          \ramloop[93].ram.r                 |blk_mem_gen_prim_width__parameterized92         |     1|
|360   |            \prim_init.ram                   |blk_mem_gen_prim_wrapper_init__parameterized92  |     1|
|361   |          \ramloop[94].ram.r                 |blk_mem_gen_prim_width__parameterized93         |     1|
|362   |            \prim_init.ram                   |blk_mem_gen_prim_wrapper_init__parameterized93  |     1|
|363   |          \ramloop[95].ram.r                 |blk_mem_gen_prim_width__parameterized94         |     1|
|364   |            \prim_init.ram                   |blk_mem_gen_prim_wrapper_init__parameterized94  |     1|
|365   |          \ramloop[96].ram.r                 |blk_mem_gen_prim_width__parameterized95         |     1|
|366   |            \prim_init.ram                   |blk_mem_gen_prim_wrapper_init__parameterized95  |     1|
|367   |          \ramloop[97].ram.r                 |blk_mem_gen_prim_width__parameterized96         |     1|
|368   |            \prim_init.ram                   |blk_mem_gen_prim_wrapper_init__parameterized96  |     1|
|369   |          \ramloop[98].ram.r                 |blk_mem_gen_prim_width__parameterized97         |     1|
|370   |            \prim_init.ram                   |blk_mem_gen_prim_wrapper_init__parameterized97  |     1|
|371   |          \ramloop[99].ram.r                 |blk_mem_gen_prim_width__parameterized98         |     1|
|372   |            \prim_init.ram                   |blk_mem_gen_prim_wrapper_init__parameterized98  |     1|
|373   |          \ramloop[9].ram.r                  |blk_mem_gen_prim_width__parameterized8          |     2|
|374   |            \prim_init.ram                   |blk_mem_gen_prim_wrapper_init__parameterized8   |     2|
+------+---------------------------------------------+------------------------------------------------+------+
---------------------------------------------------------------------------------
Finished Writing Synthesis Report : Time (s): cpu = 00:09:29 ; elapsed = 00:09:34 . Memory (MB): peak = 1490.363 ; gain = 1181.660
---------------------------------------------------------------------------------
Synthesis finished with 0 errors, 0 critical warnings and 12550 warnings.
Synthesis Optimization Runtime : Time (s): cpu = 00:00:29 ; elapsed = 00:09:25 . Memory (MB): peak = 1490.363 ; gain = 1181.660
Synthesis Optimization Complete : Time (s): cpu = 00:09:29 ; elapsed = 00:09:34 . Memory (MB): peak = 1490.363 ; gain = 1181.660
INFO: [Project 1-571] Translating synthesized netlist
INFO: [Netlist 29-17] Analyzing 466 Unisim elements for replacement
INFO: [Netlist 29-28] Unisim Transformation completed in 1 CPU seconds
INFO: [Project 1-570] Preparing netlist for logic optimization
INFO: [Opt 31-138] Pushed 0 inverter(s) to 0 load pin(s).
INFO: [Project 1-111] Unisim Transformation Summary:
No Unisim elements were transformed.

INFO: [Common 17-83] Releasing license: Synthesis
43 Infos, 100 Warnings, 0 Critical Warnings and 0 Errors encountered.
synth_design completed successfully
synth_design: Time (s): cpu = 00:09:33 ; elapsed = 00:09:40 . Memory (MB): peak = 1490.363 ; gain = 1193.152
INFO: [Common 17-600] The following parameters have non-default value.
tcl.collectionResultDisplayLimit
INFO: [Coretcl 2-1174] Renamed 373 cell refs.
INFO: [Common 17-1381] The checkpoint 'D:/FPGA_HDMI/08_4_hdmi_loop/hdmi_loop.runs/ppi_bg_synth_1/ppi_bg.dcp' has been generated.
INFO: [runtcl-4] Executing : report_utilization -file ppi_bg_utilization_synth.rpt -pb ppi_bg_utilization_synth.pb
report_utilization: Time (s): cpu = 00:00:01 ; elapsed = 00:00:00.141 . Memory (MB): peak = 1490.363 ; gain = 0.000
INFO: [Common 17-206] Exiting Vivado at Thu Feb 16 15:48:26 2023...
